Using pre-set license
Built from '2020.3/release' branch; Version is '2020.3.27f1 (e759542391ea) revision 15161684'; Using compiler version '192528614'; Build Type 'Release'
OS: 'Windows 10  (10.0.19044) 64bit Professional' Language: 'en' Physical Memory: 16226 MB
BatchMode: 1, IsHumanControllingUs: 0, StartBugReporterOnCrash: 0, Is64bit: 1, IsPro: 0

COMMAND LINE ARGUMENTS:
E:\Unity Editor\2020.3.27f1\Editor\Unity.exe
-adb2
-batchMode
-noUpm
-name
AssetImportWorker1
-projectPath
F:/GitHub/Unity Project/Kill Zombies
-logFile
Logs/AssetImportWorker1.log
-srvPort
55526
Successfully changed project path to: F:/GitHub/Unity Project/Kill Zombies
F:/GitHub/Unity Project/Kill Zombies
Using Asset Import Pipeline V2.
Refreshing native plugins compatible for Editor in 191.54 ms, found 3 plugins.
Preloading 0 native plugins for Editor in 0.00 ms.
Initialize engine version: 2020.3.27f1 (e759542391ea)
[Subsystems] Discovering subsystems at path E:/Unity Editor/2020.3.27f1/Editor/Data/Resources/UnitySubsystems
[Subsystems] Discovering subsystems at path F:/GitHub/Unity Project/Kill Zombies/Assets
GfxDevice: creating device client; threaded=0
Direct3D:
    Version:  Direct3D 11.0 [level 11.1]
    Renderer: NVIDIA GeForce GTX 1650 (ID=0x1f91)
    Vendor:   
    VRAM:     3962 MB
    Driver:   31.0.15.1748
Initialize mono
Mono path[0] = 'E:/Unity Editor/2020.3.27f1/Editor/Data/Managed'
Mono path[1] = 'E:/Unity Editor/2020.3.27f1/Editor/Data/MonoBleedingEdge/lib/mono/unityjit'
Mono config path = 'E:/Unity Editor/2020.3.27f1/Editor/Data/MonoBleedingEdge/etc'
Using monoOptions --debugger-agent=transport=dt_socket,embedding=1,server=y,suspend=n,address=127.0.0.1:56732
Begin MonoManager ReloadAssembly
Registering precompiled unity dll's ...
Register platform support module: E:/Unity Editor/2020.3.27f1/Editor/Data/PlaybackEngines/WindowsStandaloneSupport/UnityEditor.WindowsStandalone.Extensions.dll
Registered in 0.004186 seconds.
Native extension for WindowsStandalone target not found
Refreshing native plugins compatible for Editor in 164.80 ms, found 3 plugins.
Preloading 0 native plugins for Editor in 0.00 ms.
Mono: successfully reloaded assembly
- Completed reload, in  1.934 seconds
Domain Reload Profiling:
	ReloadAssembly (1934ms)
		BeginReloadAssembly (188ms)
			ExecutionOrderSort (0ms)
			DisableScriptedObjects (0ms)
			BackupInstance (0ms)
			ReleaseScriptingObjects (0ms)
			CreateAndSetChildDomain (3ms)
		EndReloadAssembly (1483ms)
			LoadAssemblies (185ms)
			RebuildTransferFunctionScriptingTraits (0ms)
			SetupTypeCache (578ms)
			ReleaseScriptCaches (0ms)
			RebuildScriptCaches (86ms)
			SetupLoadedEditorAssemblies (547ms)
				LogAssemblyErrors (0ms)
				InitializePlatformSupportModulesInManaged (14ms)
				SetLoadedEditorAssemblies (1ms)
				RefreshPlugins (165ms)
				BeforeProcessingInitializeOnLoad (31ms)
				ProcessInitializeOnLoadAttributes (248ms)
				ProcessInitializeOnLoadMethodAttributes (89ms)
				AfterProcessingInitializeOnLoad (0ms)
				EditorAssembliesLoaded (1ms)
			ExecutionOrderSort2 (0ms)
			AwakeInstancesAfterBackupRestoration (0ms)
Platform modules already initialized, skipping
Registering precompiled user dll's ...
Registered in 0.011610 seconds.
Begin MonoManager ReloadAssembly
Native extension for WindowsStandalone target not found
Refreshing native plugins compatible for Editor in 137.09 ms, found 3 plugins.
Preloading 0 native plugins for Editor in 0.00 ms.
Mono: successfully reloaded assembly
- Completed reload, in  3.234 seconds
Domain Reload Profiling:
	ReloadAssembly (3236ms)
		BeginReloadAssembly (432ms)
			ExecutionOrderSort (0ms)
			DisableScriptedObjects (14ms)
			BackupInstance (0ms)
			ReleaseScriptingObjects (0ms)
			CreateAndSetChildDomain (46ms)
		EndReloadAssembly (2629ms)
			LoadAssemblies (268ms)
			RebuildTransferFunctionScriptingTraits (0ms)
			SetupTypeCache (867ms)
			ReleaseScriptCaches (1ms)
			RebuildScriptCaches (120ms)
			SetupLoadedEditorAssemblies (1073ms)
				LogAssemblyErrors (0ms)
				InitializePlatformSupportModulesInManaged (9ms)
				SetLoadedEditorAssemblies (1ms)
				RefreshPlugins (137ms)
				BeforeProcessingInitializeOnLoad (211ms)
				ProcessInitializeOnLoadAttributes (670ms)
				ProcessInitializeOnLoadMethodAttributes (39ms)
				AfterProcessingInitializeOnLoad (6ms)
				EditorAssembliesLoaded (0ms)
			ExecutionOrderSort2 (0ms)
			AwakeInstancesAfterBackupRestoration (16ms)
Platform modules already initialized, skipping
========================================================================
Worker process is ready to serve import requests
Launched and connected shader compiler UnityShaderCompiler.exe after 0.22 seconds
Refreshing native plugins compatible for Editor in 1.16 ms, found 3 plugins.
Preloading 0 native plugins for Editor in 0.00 ms.
Unloading 2210 Unused Serialized files (Serialized files now loaded: 0)
System memory in use before: 96.4 MB.
System memory in use after: 96.3 MB.

Unloading 34 unused Assets to reduce memory usage. Loaded Objects now: 2638.
Total: 8.944400 ms (FindLiveObjects: 0.392600 ms CreateObjectMapping: 0.252300 ms MarkObjects: 7.858900 ms  DeleteObjects: 0.437700 ms)

AssetImportParameters requested are different than current active one (requested -> active):
  custom:framework-win-MediaFoundation: 216162199b28c13a410421893ffa2e32 -> 
  custom:video-decoder-ogg-theora: a1e56fd34408186e4bbccfd4996cb3dc -> 
  custom:container-muxer-webm: aa71ff27fc2769a1b78a27578f13a17b -> 
  custom:container-demuxer-webm: 4f35f7cbe854078d1ac9338744f61a02 -> 
  custom:container-demuxer-ogg: 62fdf1f143b41e24485cea50d1cbac27 -> 
  custom:video-encoder-webm-vp8: eb34c28f22e8b96e1ab97ce403110664 -> 
  custom:video-decoder-webm-vp8: 9c59270c3fd7afecdb556c50c9e8de78 -> 
  custom:audio-decoder-ogg-vorbis: bf7c407c2cedff20999df2af8eb42d56 -> 
  custom:audio-encoder-webm-vorbis: bf7c407c2cedff20999df2af8eb42d56 -> 
========================================================================
Received Import Request.
  path: Assets/Library_Packs/Monster_Creatures_Fantasy(Version 1.3)/Monster_Creatures_Fantasy(Version 1.3)
  artifactKey: Guid(a175b76175bdc084e9f7ae7cf7d77251) Importer(815301076,1909f56bfc062723c751e8b465ee728b)
Start importing Assets/Library_Packs/Monster_Creatures_Fantasy(Version 1.3)/Monster_Creatures_Fantasy(Version 1.3) using Guid(a175b76175bdc084e9f7ae7cf7d77251) Importer(815301076,1909f56bfc062723c751e8b465ee728b)  -> (artifact id: '453d00a1a8a96c32ee702409fa21978f') in 0.019920 seconds 
  Import took 0.029515 seconds .

========================================================================
Received Import Request.
  Time since last request: 0.000652 seconds.
  path: Assets/Library_Packs/Monster_Creatures_Fantasy(Version 1.3)
  artifactKey: Guid(99cba05417610114db7202e31d57f19d) Importer(815301076,1909f56bfc062723c751e8b465ee728b)
Start importing Assets/Library_Packs/Monster_Creatures_Fantasy(Version 1.3) using Guid(99cba05417610114db7202e31d57f19d) Importer(815301076,1909f56bfc062723c751e8b465ee728b)  -> (artifact id: '11a6af424d76a98f38d8dca7b50e820f') in 0.004282 seconds 
  Import took 0.014936 seconds .

========================================================================
Received Import Request.
  Time since last request: 0.000607 seconds.
  path: Assets/Library_Packs/Monster_Creatures_Fantasy(Version 1.3)/Monster_Creatures_Fantasy(Version 1.3)/Skeleton/Attack3.png
  artifactKey: Guid(2c5e57e724677c54db6875ed974ed716) Importer(815301076,1909f56bfc062723c751e8b465ee728b)
Start importing Assets/Library_Packs/Monster_Creatures_Fantasy(Version 1.3)/Monster_Creatures_Fantasy(Version 1.3)/Skeleton/Attack3.png using Guid(2c5e57e724677c54db6875ed974ed716) Importer(815301076,1909f56bfc062723c751e8b465ee728b)  -> (artifact id: '52801b21cf950740d083daa637eadf2e') in 0.400690 seconds 
  Import took 0.411379 seconds .

========================================================================
Received Import Request.
  Time since last request: 0.000654 seconds.
  path: Assets/Library_Packs/Monster_Creatures_Fantasy(Version 1.3)/Monster_Creatures_Fantasy(Version 1.3)/Skeleton
  artifactKey: Guid(8fa62a416285cd74cb39870cb93af5bf) Importer(815301076,1909f56bfc062723c751e8b465ee728b)
Start importing Assets/Library_Packs/Monster_Creatures_Fantasy(Version 1.3)/Monster_Creatures_Fantasy(Version 1.3)/Skeleton using Guid(8fa62a416285cd74cb39870cb93af5bf) Importer(815301076,1909f56bfc062723c751e8b465ee728b)  -> (artifact id: 'e2c9d4653654127ca58f89dfc19ce42e') in 0.014214 seconds 
  Import took 0.024096 seconds .

========================================================================
Received Import Request.
  Time since last request: 0.598470 seconds.
  path: Assets/Library_Packs/Monster_Creatures_Fantasy(Version 1.3)/Monster_Creatures_Fantasy(Version 1.3)/Skeleton/Sword_sprite.png
  artifactKey: Guid(2bec153385f237e4b9b7051d26c2a4a4) Importer(815301076,1909f56bfc062723c751e8b465ee728b)
Start importing Assets/Library_Packs/Monster_Creatures_Fantasy(Version 1.3)/Monster_Creatures_Fantasy(Version 1.3)/Skeleton/Sword_sprite.png using Guid(2bec153385f237e4b9b7051d26c2a4a4) Importer(815301076,1909f56bfc062723c751e8b465ee728b)  -> (artifact id: 'b058f924054e50917794358510926ac3') in 0.023356 seconds 
  Import took 0.030703 seconds .

========================================================================
Received Import Request.
  Time since last request: 397.006957 seconds.
  path: Assets/Library_Packs/Bringer-Of-Death
  artifactKey: Guid(a80dbc1351632924e81d493d9d0c3afe) Importer(815301076,1909f56bfc062723c751e8b465ee728b)
Start importing Assets/Library_Packs/Bringer-Of-Death using Guid(a80dbc1351632924e81d493d9d0c3afe) Importer(815301076,1909f56bfc062723c751e8b465ee728b)  -> (artifact id: 'd7c05ae9d3d1630902958f2301165b92') in 0.024308 seconds 
  Import took 0.040734 seconds .

========================================================================
Received Import Request.
  Time since last request: 3.357991 seconds.
  path: Assets/Library_Packs/Bringer-Of-Death/Bringer-Of-Death
  artifactKey: Guid(7613d13ad50a19f4f8407653e37ee992) Importer(815301076,1909f56bfc062723c751e8b465ee728b)
Start importing Assets/Library_Packs/Bringer-Of-Death/Bringer-Of-Death using Guid(7613d13ad50a19f4f8407653e37ee992) Importer(815301076,1909f56bfc062723c751e8b465ee728b)  -> (artifact id: '4b8b9b5218f453660de6be72b73a06f5') in 0.006056 seconds 
  Import took 0.018636 seconds .

========================================================================
Received Import Request.
  Time since last request: 2.374750 seconds.
  path: Assets/Library_Packs/Bringer-Of-Death/Bringer-Of-Death/Individual Sprite
  artifactKey: Guid(c3afb5b086b018b40bdc398e3bd756eb) Importer(815301076,1909f56bfc062723c751e8b465ee728b)
Start importing Assets/Library_Packs/Bringer-Of-Death/Bringer-Of-Death/Individual Sprite using Guid(c3afb5b086b018b40bdc398e3bd756eb) Importer(815301076,1909f56bfc062723c751e8b465ee728b)  -> (artifact id: '9947bbb893a9e5b88807e5ba6f2e5ca6') in 0.019463 seconds 
  Import took 0.032468 seconds .

========================================================================
Received Import Request.
  Time since last request: 2.177893 seconds.
  path: Assets/Library_Packs/Bringer-Of-Death/Bringer-Of-Death/Individual Sprite/Idle
  artifactKey: Guid(794841a5d305a9043be5f474b635196b) Importer(815301076,1909f56bfc062723c751e8b465ee728b)
Start importing Assets/Library_Packs/Bringer-Of-Death/Bringer-Of-Death/Individual Sprite/Idle using Guid(794841a5d305a9043be5f474b635196b) Importer(815301076,1909f56bfc062723c751e8b465ee728b)  -> (artifact id: '614dfde07f0c39e5b3cb580762f3d9aa') in 0.011916 seconds 
  Import took 0.021465 seconds .

========================================================================
Received Import Request.
  Time since last request: 6.869975 seconds.
  path: Assets/Library_Packs/Bringer-Of-Death/Bringer-Of-Death/SpriteSheet/Bringer-of-Death-SpritSheet.png
  artifactKey: Guid(26b3224ad6401894da6a84afe282d22d) Importer(815301076,1909f56bfc062723c751e8b465ee728b)
Start importing Assets/Library_Packs/Bringer-Of-Death/Bringer-Of-Death/SpriteSheet/Bringer-of-Death-SpritSheet.png using Guid(26b3224ad6401894da6a84afe282d22d) Importer(815301076,1909f56bfc062723c751e8b465ee728b)  -> (artifact id: 'ce4fdb95bc16181fa225e22fc1781644') in 0.077046 seconds 
  Import took 0.090068 seconds .

========================================================================
Received Import Request.
  Time since last request: 5.739191 seconds.
  path: Assets/Library_Packs/Bringer-Of-Death/Bringer-Of-Death/SpriteSheet/Bringer-of-Death-SpritSheet_no-Effect.png
  artifactKey: Guid(4395a2c506005484eb90fb33e6ccdb63) Importer(815301076,1909f56bfc062723c751e8b465ee728b)
Start importing Assets/Library_Packs/Bringer-Of-Death/Bringer-Of-Death/SpriteSheet/Bringer-of-Death-SpritSheet_no-Effect.png using Guid(4395a2c506005484eb90fb33e6ccdb63) Importer(815301076,1909f56bfc062723c751e8b465ee728b)  -> (artifact id: 'b7b2285d6c0e4b85ad871a53c9ff0ada') in 0.049587 seconds 
  Import took 0.063382 seconds .

========================================================================
Received Import Request.
  Time since last request: 11.698483 seconds.
  path: Assets/Library_Packs/Bringer-Of-Death/Bringer-Of-Death/Individual Sprite/Idle/Bringer-of-Death_Idle_1.png
  artifactKey: Guid(76a0ca9b2afa9314dbe4294a2aee8ea5) Importer(815301076,1909f56bfc062723c751e8b465ee728b)
Start importing Assets/Library_Packs/Bringer-Of-Death/Bringer-Of-Death/Individual Sprite/Idle/Bringer-of-Death_Idle_1.png using Guid(76a0ca9b2afa9314dbe4294a2aee8ea5) Importer(815301076,1909f56bfc062723c751e8b465ee728b)  -> (artifact id: '53ae4811d7187d4c0c106758ed2ca2ea') in 0.049646 seconds 
  Import took 0.062509 seconds .

========================================================================
Received Import Request.
  Time since last request: 12.235691 seconds.
  path: Assets/Library_Packs/Bringer-Of-Death/Bringer-Of-Death/Individual Sprite/Idle/Bringer-of-Death_Idle_6.png
  artifactKey: Guid(b1013aca0b20e7842abe058681280712) Importer(815301076,1909f56bfc062723c751e8b465ee728b)
Start importing Assets/Library_Packs/Bringer-Of-Death/Bringer-Of-Death/Individual Sprite/Idle/Bringer-of-Death_Idle_6.png using Guid(b1013aca0b20e7842abe058681280712) Importer(815301076,1909f56bfc062723c751e8b465ee728b)  -> (artifact id: '1d753a5d335abdd698313ab37d6ed738') in 0.049694 seconds 
  Import took 0.067195 seconds .

========================================================================
Received Import Request.
  Time since last request: 12.667801 seconds.
  path: Assets/Library_Packs/Bringer-Of-Death/Bringer-Of-Death/Individual Sprite/Idle/Bringer-of-Death_Idle_6.png
  artifactKey: Guid(b1013aca0b20e7842abe058681280712) Importer(815301076,1909f56bfc062723c751e8b465ee728b)
Start importing Assets/Library_Packs/Bringer-Of-Death/Bringer-Of-Death/Individual Sprite/Idle/Bringer-of-Death_Idle_6.png using Guid(b1013aca0b20e7842abe058681280712) Importer(815301076,1909f56bfc062723c751e8b465ee728b)  -> (artifact id: 'e236a8e6aa4d834c33d69d34c0321d49') in 0.041755 seconds 
  Import took 0.055063 seconds .

========================================================================
Received Import Request.
  Time since last request: 1.292333 seconds.
  path: Assets/Library_Packs/Bringer-Of-Death/Bringer-Of-Death/Individual Sprite/Idle/Bringer-of-Death_Idle_1.png
  artifactKey: Guid(76a0ca9b2afa9314dbe4294a2aee8ea5) Importer(815301076,1909f56bfc062723c751e8b465ee728b)
Start importing Assets/Library_Packs/Bringer-Of-Death/Bringer-Of-Death/Individual Sprite/Idle/Bringer-of-Death_Idle_1.png using Guid(76a0ca9b2afa9314dbe4294a2aee8ea5) Importer(815301076,1909f56bfc062723c751e8b465ee728b)  -> (artifact id: 'fc8dd9fbfa3facaed5c137e2001f7e58') in 0.047202 seconds 
  Import took 0.059113 seconds .

========================================================================
Received Import Request.
  Time since last request: 56.569730 seconds.
  path: Assets/Library_Packs/Bringer-Of-Death/Bringer-Of-Death/Individual Sprite/Idle/Bringer-of-Death_Idle_1.png
  artifactKey: Guid(76a0ca9b2afa9314dbe4294a2aee8ea5) Importer(815301076,1909f56bfc062723c751e8b465ee728b)
Start importing Assets/Library_Packs/Bringer-Of-Death/Bringer-Of-Death/Individual Sprite/Idle/Bringer-of-Death_Idle_1.png using Guid(76a0ca9b2afa9314dbe4294a2aee8ea5) Importer(815301076,1909f56bfc062723c751e8b465ee728b)  -> (artifact id: '3fad85c37048b3f979d8fcce28b7f602') in 0.031020 seconds 
  Import took 0.045408 seconds .

========================================================================
Received Import Request.
  Time since last request: 21.843865 seconds.
  path: Assets/Library_Packs/Bringer-Of-Death/Bringer-Of-Death/Individual Sprite/Idle/Bringer-of-Death_Idle_6.png
  artifactKey: Guid(b1013aca0b20e7842abe058681280712) Importer(815301076,1909f56bfc062723c751e8b465ee728b)
Start importing Assets/Library_Packs/Bringer-Of-Death/Bringer-Of-Death/Individual Sprite/Idle/Bringer-of-Death_Idle_6.png using Guid(b1013aca0b20e7842abe058681280712) Importer(815301076,1909f56bfc062723c751e8b465ee728b)  -> (artifact id: '96423c49b58c2b6d6961a1a70c2ad128') in 0.032776 seconds 
  Import took 0.044646 seconds .

========================================================================
Received Import Request.
  Time since last request: 47.167442 seconds.
  path: Assets/Library_Packs/Bringer-Of-Death/Bringer-Of-Death/Individual Sprite/Idle/Bringer-of-Death_Idle_1.png
  artifactKey: Guid(76a0ca9b2afa9314dbe4294a2aee8ea5) Importer(815301076,1909f56bfc062723c751e8b465ee728b)
Start importing Assets/Library_Packs/Bringer-Of-Death/Bringer-Of-Death/Individual Sprite/Idle/Bringer-of-Death_Idle_1.png using Guid(76a0ca9b2afa9314dbe4294a2aee8ea5) Importer(815301076,1909f56bfc062723c751e8b465ee728b)  -> (artifact id: 'f7a2ee24182ff27ab5ffb96c99b50e6c') in 0.051640 seconds 
  Import took 0.063764 seconds .

========================================================================
Received Import Request.
  Time since last request: 10.619400 seconds.
  path: Assets/Library_Packs/Bringer-Of-Death/Bringer-Of-Death/Individual Sprite/Idle/Bringer-of-Death_Idle_1.png
  artifactKey: Guid(76a0ca9b2afa9314dbe4294a2aee8ea5) Importer(815301076,1909f56bfc062723c751e8b465ee728b)
Start importing Assets/Library_Packs/Bringer-Of-Death/Bringer-Of-Death/Individual Sprite/Idle/Bringer-of-Death_Idle_1.png using Guid(76a0ca9b2afa9314dbe4294a2aee8ea5) Importer(815301076,1909f56bfc062723c751e8b465ee728b)  -> (artifact id: '60cf69950cd0d58718e9fc140f9e0386') in 0.033097 seconds 
  Import took 0.045123 seconds .

========================================================================
Received Import Request.
  Time since last request: 74.990763 seconds.
  path: Assets/Library_Packs/Bringer-Of-Death/Bringer-Of-Death/Individual Sprite/Idle/Bringer-of-Death_Idle_2.png
  artifactKey: Guid(14ca9b888a0cc0046b7d100237f850d5) Importer(815301076,1909f56bfc062723c751e8b465ee728b)
Start importing Assets/Library_Packs/Bringer-Of-Death/Bringer-Of-Death/Individual Sprite/Idle/Bringer-of-Death_Idle_2.png using Guid(14ca9b888a0cc0046b7d100237f850d5) Importer(815301076,1909f56bfc062723c751e8b465ee728b)  -> (artifact id: '81dfe04a192ada0071f4ab03f90ce836') in 0.032340 seconds 
  Import took 0.042377 seconds .

========================================================================
Received Import Request.
  Time since last request: 8.221085 seconds.
  path: Assets/Library_Packs/Bringer-Of-Death/Bringer-Of-Death/Individual Sprite/Idle/Bringer-of-Death_Idle_6.png
  artifactKey: Guid(b1013aca0b20e7842abe058681280712) Importer(815301076,1909f56bfc062723c751e8b465ee728b)
Start importing Assets/Library_Packs/Bringer-Of-Death/Bringer-Of-Death/Individual Sprite/Idle/Bringer-of-Death_Idle_6.png using Guid(b1013aca0b20e7842abe058681280712) Importer(815301076,1909f56bfc062723c751e8b465ee728b)  -> (artifact id: '46ac77c764125621e7cbc417c518c19a') in 0.029648 seconds 
  Import took 0.043071 seconds .

========================================================================
Received Import Request.
  Time since last request: 2.431014 seconds.
  path: Assets/Library_Packs/Bringer-Of-Death/Bringer-Of-Death/Individual Sprite/Idle/Bringer-of-Death_Idle_2.png
  artifactKey: Guid(14ca9b888a0cc0046b7d100237f850d5) Importer(815301076,1909f56bfc062723c751e8b465ee728b)
Start importing Assets/Library_Packs/Bringer-Of-Death/Bringer-Of-Death/Individual Sprite/Idle/Bringer-of-Death_Idle_2.png using Guid(14ca9b888a0cc0046b7d100237f850d5) Importer(815301076,1909f56bfc062723c751e8b465ee728b)  -> (artifact id: 'cd2ac39d0b38b596a2a5865016a58232') in 0.030160 seconds 
  Import took 0.041718 seconds .

========================================================================
Received Import Request.
  Time since last request: 2.778418 seconds.
  path: Assets/Library_Packs/Bringer-Of-Death/Bringer-Of-Death/Individual Sprite/Idle/Bringer-of-Death_Idle_4.png
  artifactKey: Guid(5505349f8f0239f4e99a91c66156fba9) Importer(815301076,1909f56bfc062723c751e8b465ee728b)
Start importing Assets/Library_Packs/Bringer-Of-Death/Bringer-Of-Death/Individual Sprite/Idle/Bringer-of-Death_Idle_4.png using Guid(5505349f8f0239f4e99a91c66156fba9) Importer(815301076,1909f56bfc062723c751e8b465ee728b)  -> (artifact id: '789ff94b0ed47f13001944ac5f7fc23d') in 0.037145 seconds 
  Import took 0.051729 seconds .

========================================================================
Received Import Request.
  Time since last request: 1.069145 seconds.
  path: Assets/Library_Packs/Bringer-Of-Death/Bringer-Of-Death/Individual Sprite/Idle/Bringer-of-Death_Idle_3.png
  artifactKey: Guid(02d187a05497263479d4e59fbcfcb907) Importer(815301076,1909f56bfc062723c751e8b465ee728b)
Start importing Assets/Library_Packs/Bringer-Of-Death/Bringer-Of-Death/Individual Sprite/Idle/Bringer-of-Death_Idle_3.png using Guid(02d187a05497263479d4e59fbcfcb907) Importer(815301076,1909f56bfc062723c751e8b465ee728b)  -> (artifact id: 'e3ec5a3be77202d3a460dcd134098716') in 0.021428 seconds 
  Import took 0.028074 seconds .

========================================================================
Received Import Request.
  Time since last request: 2.053920 seconds.
  path: Assets/Library_Packs/Bringer-Of-Death/Bringer-Of-Death/Individual Sprite/Idle/Bringer-of-Death_Idle_7.png
  artifactKey: Guid(7d74b8230e302a94282e182a9de2a7bf) Importer(815301076,1909f56bfc062723c751e8b465ee728b)
Start importing Assets/Library_Packs/Bringer-Of-Death/Bringer-Of-Death/Individual Sprite/Idle/Bringer-of-Death_Idle_7.png using Guid(7d74b8230e302a94282e182a9de2a7bf) Importer(815301076,1909f56bfc062723c751e8b465ee728b)  -> (artifact id: 'a5f375de39d4e7684fbcab7869a0d0a1') in 0.036490 seconds 
  Import took 0.048357 seconds .

========================================================================
Received Import Request.
  Time since last request: 0.477616 seconds.
  path: Assets/Library_Packs/Bringer-Of-Death/Bringer-Of-Death/Individual Sprite/Idle/Bringer-of-Death_Idle_8.png
  artifactKey: Guid(f9a39740513c5ba4e9ad3245e5fc4e21) Importer(815301076,1909f56bfc062723c751e8b465ee728b)
Start importing Assets/Library_Packs/Bringer-Of-Death/Bringer-Of-Death/Individual Sprite/Idle/Bringer-of-Death_Idle_8.png using Guid(f9a39740513c5ba4e9ad3245e5fc4e21) Importer(815301076,1909f56bfc062723c751e8b465ee728b)  -> (artifact id: '86ab2ec49abe94554d294f2869eebb8a') in 0.032163 seconds 
  Import took 0.046444 seconds .

========================================================================
Received Import Request.
  Time since last request: 33.436595 seconds.
  path: Assets/Library_Packs/Bringer-Of-Death/Bringer-Of-Death/Individual Sprite/Idle/Bringer-of-Death_Idle_2.png
  artifactKey: Guid(14ca9b888a0cc0046b7d100237f850d5) Importer(815301076,1909f56bfc062723c751e8b465ee728b)
Start importing Assets/Library_Packs/Bringer-Of-Death/Bringer-Of-Death/Individual Sprite/Idle/Bringer-of-Death_Idle_2.png using Guid(14ca9b888a0cc0046b7d100237f850d5) Importer(815301076,1909f56bfc062723c751e8b465ee728b)  -> (artifact id: 'f4a0215763fdc91ec47f899738d6612e') in 0.044570 seconds 
  Import took 0.057971 seconds .

========================================================================
Received Import Request.
  Time since last request: 56.251452 seconds.
  path: Assets/Library_Packs/Bringer-Of-Death/Bringer-Of-Death/Individual Sprite/Idle/Bringer-of-Death_Idle_3.png
  artifactKey: Guid(02d187a05497263479d4e59fbcfcb907) Importer(815301076,1909f56bfc062723c751e8b465ee728b)
Start importing Assets/Library_Packs/Bringer-Of-Death/Bringer-Of-Death/Individual Sprite/Idle/Bringer-of-Death_Idle_3.png using Guid(02d187a05497263479d4e59fbcfcb907) Importer(815301076,1909f56bfc062723c751e8b465ee728b)  -> (artifact id: 'a551b8af7c9c174b1090f757003e2d70') in 0.058470 seconds 
  Import took 0.070976 seconds .

========================================================================
Received Import Request.
  Time since last request: 13.450487 seconds.
  path: Assets/Library_Packs/Bringer-Of-Death/Bringer-Of-Death/Individual Sprite/Idle/Bringer-of-Death_Idle_5.png
  artifactKey: Guid(ef07e80098fa34d4fb5e0d4284e69037) Importer(815301076,1909f56bfc062723c751e8b465ee728b)
Start importing Assets/Library_Packs/Bringer-Of-Death/Bringer-Of-Death/Individual Sprite/Idle/Bringer-of-Death_Idle_5.png using Guid(ef07e80098fa34d4fb5e0d4284e69037) Importer(815301076,1909f56bfc062723c751e8b465ee728b)  -> (artifact id: 'c8363523a26792d99b1c00489f6aaceb') in 0.036868 seconds 
  Import took 0.050399 seconds .

========================================================================
Received Import Request.
  Time since last request: 45.363707 seconds.
  path: Assets/Library_Packs/Bringer-Of-Death/Bringer-Of-Death/Individual Sprite/Idle/Bringer-of-Death_Idle_5.png
  artifactKey: Guid(ef07e80098fa34d4fb5e0d4284e69037) Importer(815301076,1909f56bfc062723c751e8b465ee728b)
Start importing Assets/Library_Packs/Bringer-Of-Death/Bringer-Of-Death/Individual Sprite/Idle/Bringer-of-Death_Idle_5.png using Guid(ef07e80098fa34d4fb5e0d4284e69037) Importer(815301076,1909f56bfc062723c751e8b465ee728b)  -> (artifact id: 'def461cdf906b24682c711b69b3497d5') in 0.044001 seconds 
  Import took 0.061429 seconds .

========================================================================
Received Import Request.
  Time since last request: 7.360914 seconds.
  path: Assets/Library_Packs/Bringer-Of-Death/Bringer-Of-Death/Individual Sprite/Idle/Bringer-of-Death_Idle_6.png
  artifactKey: Guid(b1013aca0b20e7842abe058681280712) Importer(815301076,1909f56bfc062723c751e8b465ee728b)
Start importing Assets/Library_Packs/Bringer-Of-Death/Bringer-Of-Death/Individual Sprite/Idle/Bringer-of-Death_Idle_6.png using Guid(b1013aca0b20e7842abe058681280712) Importer(815301076,1909f56bfc062723c751e8b465ee728b)  -> (artifact id: '112df80bd26cc7cb7361f31adf7addd4') in 0.043536 seconds 
  Import took 0.056948 seconds .

========================================================================
Received Import Request.
  Time since last request: 4.352097 seconds.
  path: Assets/Library_Packs/Bringer-Of-Death/Bringer-Of-Death/Individual Sprite/Idle/Bringer-of-Death_Idle_7.png
  artifactKey: Guid(7d74b8230e302a94282e182a9de2a7bf) Importer(815301076,1909f56bfc062723c751e8b465ee728b)
Start importing Assets/Library_Packs/Bringer-Of-Death/Bringer-Of-Death/Individual Sprite/Idle/Bringer-of-Death_Idle_7.png using Guid(7d74b8230e302a94282e182a9de2a7bf) Importer(815301076,1909f56bfc062723c751e8b465ee728b)  -> (artifact id: '2b47be311a8d11a4dd568ca058f14bf2') in 0.041241 seconds 
  Import took 0.055764 seconds .

========================================================================
Received Import Request.
  Time since last request: 4.131108 seconds.
  path: Assets/Library_Packs/Bringer-Of-Death/Bringer-Of-Death/Individual Sprite/Idle/Bringer-of-Death_Idle_8.png
  artifactKey: Guid(f9a39740513c5ba4e9ad3245e5fc4e21) Importer(815301076,1909f56bfc062723c751e8b465ee728b)
Start importing Assets/Library_Packs/Bringer-Of-Death/Bringer-Of-Death/Individual Sprite/Idle/Bringer-of-Death_Idle_8.png using Guid(f9a39740513c5ba4e9ad3245e5fc4e21) Importer(815301076,1909f56bfc062723c751e8b465ee728b)  -> (artifact id: '26ef655162049e44db3aa7a7f32886a9') in 0.045674 seconds 
  Import took 0.058527 seconds .

========================================================================
Received Import Request.
  Time since last request: 49.470174 seconds.
  path: Assets/Library_Packs/Bringer-Of-Death/Bringer-Of-Death/Individual Sprite/Idle/Bringer-of-Death_Idle_1.png
  artifactKey: Guid(76a0ca9b2afa9314dbe4294a2aee8ea5) Importer(815301076,1909f56bfc062723c751e8b465ee728b)
Start importing Assets/Library_Packs/Bringer-Of-Death/Bringer-Of-Death/Individual Sprite/Idle/Bringer-of-Death_Idle_1.png using Guid(76a0ca9b2afa9314dbe4294a2aee8ea5) Importer(815301076,1909f56bfc062723c751e8b465ee728b)  -> (artifact id: 'be34b91aa998c6447105df0a6b005733') in 0.061021 seconds 
  Import took 0.072576 seconds .

========================================================================
Received Import Request.
  Time since last request: 87.903143 seconds.
  path: Assets/Library_Packs/Bringer-Of-Death/Bringer-Of-Death/Individual Sprite/Idle/Bringer-of-Death_Idle_5.png
  artifactKey: Guid(ef07e80098fa34d4fb5e0d4284e69037) Importer(815301076,1909f56bfc062723c751e8b465ee728b)
Start importing Assets/Library_Packs/Bringer-Of-Death/Bringer-Of-Death/Individual Sprite/Idle/Bringer-of-Death_Idle_5.png using Guid(ef07e80098fa34d4fb5e0d4284e69037) Importer(815301076,1909f56bfc062723c751e8b465ee728b)  -> (artifact id: 'f9f2f938246c79136ca0072af5495df8') in 0.042730 seconds 
  Import took 0.054247 seconds .

========================================================================
Received Import Request.
  Time since last request: 18.471249 seconds.
  path: Assets/Library_Packs/Bringer-Of-Death/Bringer-Of-Death/Individual Sprite/Idle/Bringer-of-Death_Idle_4.png
  artifactKey: Guid(5505349f8f0239f4e99a91c66156fba9) Importer(815301076,1909f56bfc062723c751e8b465ee728b)
Start importing Assets/Library_Packs/Bringer-Of-Death/Bringer-Of-Death/Individual Sprite/Idle/Bringer-of-Death_Idle_4.png using Guid(5505349f8f0239f4e99a91c66156fba9) Importer(815301076,1909f56bfc062723c751e8b465ee728b)  -> (artifact id: '1ed35f8800f85c825197de58e3670a9e') in 0.019146 seconds 
  Import took 0.025467 seconds .

========================================================================
Received Import Request.
  Time since last request: 69.098535 seconds.
  path: Assets/Library_Packs/Bringer-Of-Death/Bringer-Of-Death/Individual Sprite/Idle/Bringer-of-Death_Idle_1.png
  artifactKey: Guid(76a0ca9b2afa9314dbe4294a2aee8ea5) Importer(815301076,1909f56bfc062723c751e8b465ee728b)
Start importing Assets/Library_Packs/Bringer-Of-Death/Bringer-Of-Death/Individual Sprite/Idle/Bringer-of-Death_Idle_1.png using Guid(76a0ca9b2afa9314dbe4294a2aee8ea5) Importer(815301076,1909f56bfc062723c751e8b465ee728b)  -> (artifact id: '72133cf9d472bc7972db0e10a224ea9e') in 0.041826 seconds 
  Import took 0.055288 seconds .

========================================================================
Received Import Request.
  Time since last request: 54.244811 seconds.
  path: Assets/Library_Packs/Bringer-Of-Death/Bringer-Of-Death/Individual Sprite/Idle/Bringer-of-Death_Idle_2.png
  artifactKey: Guid(14ca9b888a0cc0046b7d100237f850d5) Importer(815301076,1909f56bfc062723c751e8b465ee728b)
Start importing Assets/Library_Packs/Bringer-Of-Death/Bringer-Of-Death/Individual Sprite/Idle/Bringer-of-Death_Idle_2.png using Guid(14ca9b888a0cc0046b7d100237f850d5) Importer(815301076,1909f56bfc062723c751e8b465ee728b)  -> (artifact id: '61b53e260e2cbc8598753a2ea08a7c56') in 0.049099 seconds 
  Import took 0.065879 seconds .

========================================================================
Received Import Request.
  Time since last request: 5.052099 seconds.
  path: Assets/Library_Packs/Bringer-Of-Death/Bringer-Of-Death/Individual Sprite/Idle/Bringer-of-Death_Idle_2.png
  artifactKey: Guid(14ca9b888a0cc0046b7d100237f850d5) Importer(815301076,1909f56bfc062723c751e8b465ee728b)
Start importing Assets/Library_Packs/Bringer-Of-Death/Bringer-Of-Death/Individual Sprite/Idle/Bringer-of-Death_Idle_2.png using Guid(14ca9b888a0cc0046b7d100237f850d5) Importer(815301076,1909f56bfc062723c751e8b465ee728b)  -> (artifact id: '28924b934e6340c0c8e644c057f3cf84') in 0.043319 seconds 
  Import took 0.056724 seconds .

========================================================================
Received Import Request.
  Time since last request: 12.375655 seconds.
  path: Assets/Library_Packs/Bringer-Of-Death/Bringer-Of-Death/Individual Sprite/Idle/Bringer-of-Death_Idle_2.png
  artifactKey: Guid(14ca9b888a0cc0046b7d100237f850d5) Importer(815301076,1909f56bfc062723c751e8b465ee728b)
Start importing Assets/Library_Packs/Bringer-Of-Death/Bringer-Of-Death/Individual Sprite/Idle/Bringer-of-Death_Idle_2.png using Guid(14ca9b888a0cc0046b7d100237f850d5) Importer(815301076,1909f56bfc062723c751e8b465ee728b)  -> (artifact id: '2161bb32c1a0a92da9c15ace9dbff593') in 0.039129 seconds 
  Import took 0.052708 seconds .

========================================================================
Received Import Request.
  Time since last request: 69.960430 seconds.
  path: Assets/Library_Packs/Bringer-Of-Death/Bringer-Of-Death/SpriteSheet/Bringer-of-Death-SpritSheet.png
  artifactKey: Guid(26b3224ad6401894da6a84afe282d22d) Importer(815301076,1909f56bfc062723c751e8b465ee728b)
Start importing Assets/Library_Packs/Bringer-Of-Death/Bringer-Of-Death/SpriteSheet/Bringer-of-Death-SpritSheet.png using Guid(26b3224ad6401894da6a84afe282d22d) Importer(815301076,1909f56bfc062723c751e8b465ee728b)  -> (artifact id: '49a973b1d475a601c421876f55c7d4af') in 0.039706 seconds 
  Import took 0.057125 seconds .

========================================================================
Received Import Request.
  Time since last request: 31.705049 seconds.
  path: Assets/Library_Packs/Bringer-Of-Death/Bringer-Of-Death/SpriteSheet/Bringer-of-Death-SpritSheet.png
  artifactKey: Guid(26b3224ad6401894da6a84afe282d22d) Importer(815301076,1909f56bfc062723c751e8b465ee728b)
Start importing Assets/Library_Packs/Bringer-Of-Death/Bringer-Of-Death/SpriteSheet/Bringer-of-Death-SpritSheet.png using Guid(26b3224ad6401894da6a84afe282d22d) Importer(815301076,1909f56bfc062723c751e8b465ee728b)  -> (artifact id: '41806a3195a74b639d74035a7adbcc72') in 1.173425 seconds 
  Import took 1.186093 seconds .

========================================================================
Received Import Request.
  Time since last request: 134.921234 seconds.
  path: Assets/Library_Packs/Bringer-Of-Death/Bringer-Of-Death/SpriteSheet/Bringer-of-Death-SpritSheet.png
  artifactKey: Guid(26b3224ad6401894da6a84afe282d22d) Importer(815301076,1909f56bfc062723c751e8b465ee728b)
Start importing Assets/Library_Packs/Bringer-Of-Death/Bringer-Of-Death/SpriteSheet/Bringer-of-Death-SpritSheet.png using Guid(26b3224ad6401894da6a84afe282d22d) Importer(815301076,1909f56bfc062723c751e8b465ee728b)  -> (artifact id: '8df9c9e9dd239ed33dbc68d0f2301c98') in 1.336818 seconds 
  Import took 1.348180 seconds .

========================================================================
Received Import Request.
  Time since last request: 57.736310 seconds.
  path: Assets/Library_Packs/Bringer-Of-Death/Bringer-Of-Death/SpriteSheet/Bringer-of-Death-SpritSheet.png
  artifactKey: Guid(26b3224ad6401894da6a84afe282d22d) Importer(815301076,1909f56bfc062723c751e8b465ee728b)
Start importing Assets/Library_Packs/Bringer-Of-Death/Bringer-Of-Death/SpriteSheet/Bringer-of-Death-SpritSheet.png using Guid(26b3224ad6401894da6a84afe282d22d) Importer(815301076,1909f56bfc062723c751e8b465ee728b)  -> (artifact id: '526908da0fad1f6941e45b1ae3cf6bb7') in 1.509703 seconds 
  Import took 1.523267 seconds .

AssetImportWorkerClient::OnTransportError - code=2 error=End of file
